[0.037s] Invoking command in '/home/aakashraawat/colcon_ws/build/unity_robotics_msgs': CMAKE_PREFIX_PATH=${CMAKE_PREFIX_PATH}:/home/aakashraawat/colcon_ws/install/simulink_subscriber:/home/aakashraawat/colcon_ws/install/unity_robotics_demo:/home/aakashraawat/colcon_ws/install/ros_tcp_endpoint:/home/aakashraawat/colcon_ws/install/py_pubsub:/opt/ros/foxy /usr/bin/cmake --build /home/aakashraawat/colcon_ws/build/unity_robotics_msgs -- -j20 -l20
[0.668s] -- Found rosidl_default_generators: 1.0.1 (/opt/ros/foxy/share/rosidl_default_generators/cmake)
[0.668s] -- Found ament_cmake_core: 0.9.12 (/opt/ros/foxy/share/ament_cmake_core/cmake)
[0.668s] -- Using PYTHON_EXECUTABLE: /usr/bin/python3
[0.668s] -- Using all available rosidl_typesupport_c: rosidl_typesupport_fastrtps_c;rosidl_typesupport_introspection_c
[0.668s] -- Found rosidl_adapter: 1.3.1 (/opt/ros/foxy/share/rosidl_adapter/cmake)
[4.759s] -- Using all available rosidl_typesupport_cpp: rosidl_typesupport_fastrtps_cpp;rosidl_typesupport_introspection_cpp
[4.778s] -- Found builtin_interfaces: 1.0.0 (/opt/ros/foxy/share/builtin_interfaces/cmake)
[4.787s] -- Found geometry_msgs: 2.0.5 (/opt/ros/foxy/share/geometry_msgs/cmake)
[4.854s] -- Found PythonInterp: /usr/bin/python3 (found version "3.8.10") 
[5.011s] CMake Error at /opt/ros/foxy/share/rosidl_adapter/cmake/rosidl_adapt_interfaces.cmake:60 (message):
[5.011s]   execute_process(/usr/bin/python3 -m rosidl_adapter --package-name
[5.011s]   unity_robotics_msgs --arguments-file
[5.011s]   /home/aakashraawat/colcon_ws/build/unity_robotics_msgs/rosidl_adapter__arguments__unity_robotics_msgs.json
[5.011s]   --output-dir
[5.011s]   /home/aakashraawat/colcon_ws/build/unity_robotics_msgs/rosidl_adapter/unity_robotics_msgs
[5.011s]   --output-file
[5.011s]   /home/aakashraawat/colcon_ws/build/unity_robotics_msgs/rosidl_adapter/unity_robotics_msgs.idls)
[5.011s]   returned error code 1:
[5.011s] 
[5.011s]   Error processing 'geometry_msgs/Vector3 Angular' of
[5.012s]   'unity_robotics_msgs/WheelAngularVelocity': ''Angular' is an invalid field
[5.012s]   name.  It should have the pattern '^(?!.*__)(?!.*_$)[a-z][a-z0-9_]*$''
[5.012s] 
[5.012s]   Traceback (most recent call last):
[5.012s] 
[5.012s]     File "/usr/lib/python3.8/runpy.py", line 194, in _run_module_as_main
[5.012s]       return _run_code(code, main_globals, None,
[5.012s]     File "/usr/lib/python3.8/runpy.py", line 87, in _run_code
[5.012s]       exec(code, run_globals)
[5.012s]     File "/opt/ros/foxy/lib/python3.8/site-packages/rosidl_adapter/__main__.py", line 19, in <module>
[5.012s]       sys.exit(main())
[5.012s]     File "/opt/ros/foxy/lib/python3.8/site-packages/rosidl_adapter/main.py", line 53, in main
[5.013s]       abs_idl_file = convert_to_idl(
[5.013s]     File "/opt/ros/foxy/lib/python3.8/site-packages/rosidl_adapter/__init__.py", line 19, in convert_to_idl
[5.013s]       return convert_msg_to_idl(
[5.013s]     File "/opt/ros/foxy/lib/python3.8/site-packages/rosidl_adapter/msg/__init__.py", line 28, in convert_msg_to_idl
[5.013s]       msg = parse_message_string(package_name, input_file.stem, content)
[5.013s]     File "/opt/ros/foxy/lib/python3.8/site-packages/rosidl_adapter/parser.py", line 515, in parse_message_string
[5.013s]       fields.append(Field(
[5.013s]     File "/opt/ros/foxy/lib/python3.8/site-packages/rosidl_adapter/parser.py", line 353, in __init__
[5.013s]       raise NameError(
[5.013s] 
[5.013s]   NameError: 'Angular' is an invalid field name.  It should have the pattern
[5.013s]   '^(?!.*__)(?!.*_$)[a-z][a-z0-9_]*$'
[5.013s] 
[5.013s] Call Stack (most recent call first):
[5.013s]   /opt/ros/foxy/share/rosidl_cmake/cmake/rosidl_generate_interfaces.cmake:130 (rosidl_adapt_interfaces)
[5.013s]   CMakeLists.txt:10 (rosidl_generate_interfaces)
[5.013s] 
[5.013s] 
[5.013s] -- Configuring incomplete, errors occurred!
[5.013s] See also "/home/aakashraawat/colcon_ws/build/unity_robotics_msgs/CMakeFiles/CMakeOutput.log".
[5.021s] make: *** [Makefile:1708: cmake_check_build_system] Error 1
[5.025s] Invoked command in '/home/aakashraawat/colcon_ws/build/unity_robotics_msgs' returned '2': CMAKE_PREFIX_PATH=${CMAKE_PREFIX_PATH}:/home/aakashraawat/colcon_ws/install/simulink_subscriber:/home/aakashraawat/colcon_ws/install/unity_robotics_demo:/home/aakashraawat/colcon_ws/install/ros_tcp_endpoint:/home/aakashraawat/colcon_ws/install/py_pubsub:/opt/ros/foxy /usr/bin/cmake --build /home/aakashraawat/colcon_ws/build/unity_robotics_msgs -- -j20 -l20
